[2024-11-07 05:35:07] local.ERROR: No arguments expected for "clear" command, got "cache". {"exception":"[object] (Symfony\\Component\\Console\\Exception\\RuntimeException(code: 0): No arguments expected for \"clear\" command, got \"cache\". at C:\\xampp\\htdocs\\e_lux\\vendor\\symfony\\console\\Input\\ArgvInput.php:193)
[stacktrace]
#0 C:\\xampp\\htdocs\\e_lux\\vendor\\symfony\\console\\Input\\ArgvInput.php(86): Symfony\\Component\\Console\\Input\\ArgvInput->parseArgument('cache')
#1 C:\\xampp\\htdocs\\e_lux\\vendor\\symfony\\console\\Input\\ArgvInput.php(71): Symfony\\Component\\Console\\Input\\ArgvInput->parseToken('cache', true)
#2 C:\\xampp\\htdocs\\e_lux\\vendor\\symfony\\console\\Input\\Input.php(53): Symfony\\Component\\Console\\Input\\ArgvInput->parse()
#3 C:\\xampp\\htdocs\\e_lux\\vendor\\symfony\\console\\Command\\Command.php(238): Symfony\\Component\\Console\\Input\\Input->bind(Object(Symfony\\Component\\Console\\Input\\InputDefinition))
#4 C:\\xampp\\htdocs\\e_lux\\vendor\\laravel\\framework\\src\\Illuminate\\Console\\Command.php(182): Symfony\\Component\\Console\\Command\\Command->run(Object(Symfony\\Component\\Console\\Input\\ArgvInput), Object(Illuminate\\Console\\OutputStyle))
#5 C:\\xampp\\htdocs\\e_lux\\vendor\\symfony\\console\\Application.php(1047): Illuminate\\Console\\Command->run(Object(Symfony\\Component\\Console\\Input\\ArgvInput), Object(Symfony\\Component\\Console\\Output\\ConsoleOutput))
#6 C:\\xampp\\htdocs\\e_lux\\vendor\\symfony\\console\\Application.php(316): Symfony\\Component\\Console\\Application->doRunCommand(Object(Illuminate\\Foundation\\Console\\ClearCompiledCommand), Object(Symfony\\Component\\Console\\Input\\ArgvInput), Object(Symfony\\Component\\Console\\Output\\ConsoleOutput))
#7 C:\\xampp\\htdocs\\e_lux\\vendor\\symfony\\console\\Application.php(167): Symfony\\Component\\Console\\Application->doRun(Object(Symfony\\Component\\Console\\Input\\ArgvInput), Object(Symfony\\Component\\Console\\Output\\ConsoleOutput))
#8 C:\\xampp\\htdocs\\e_lux\\vendor\\laravel\\framework\\src\\Illuminate\\Foundation\\Console\\Kernel.php(197): Symfony\\Component\\Console\\Application->run(Object(Symfony\\Component\\Console\\Input\\ArgvInput), Object(Symfony\\Component\\Console\\Output\\ConsoleOutput))
#9 C:\\xampp\\htdocs\\e_lux\\vendor\\laravel\\framework\\src\\Illuminate\\Foundation\\Application.php(1203): Illuminate\\Foundation\\Console\\Kernel->handle(Object(Symfony\\Component\\Console\\Input\\ArgvInput), Object(Symfony\\Component\\Console\\Output\\ConsoleOutput))
#10 C:\\xampp\\htdocs\\e_lux\\artisan(13): Illuminate\\Foundation\\Application->handleCommand(Object(Symfony\\Component\\Console\\Input\\ArgvInput))
#11 {main}
"} 
[2024-11-07 05:47:14] local.ERROR: Trait "App\Http\Controllers\Admin\Illuminate\Support\Facades\Log" not found {"exception":"[object] (Symfony\\Component\\ErrorHandler\\Error\\FatalError(code: 0): Trait \"App\\Http\\Controllers\\Admin\\Illuminate\\Support\\Facades\\Log\" not found at C:\\xampp\\htdocs\\e_lux\\app\\Http\\Controllers\\Admin\\PostController.php:9)
[stacktrace]
#0 {main}
"} 
[2024-11-07 05:47:32] local.INFO: Request Data: {"_token":"yPBQR1xa9M2QW7AJzyjSIxboluag1fNyEW5BgymV","title":"1","seller":"1","author_name":"1","author_bio":"1","content":"1","author":"1","category":"1","image":{"Illuminate\\Http\\UploadedFile":"C:\\xampp\\tmp\\php54AC.tmp"}} 
[2024-11-07 05:47:32] local.ERROR: Error creating post: {"error":"The image field must not be greater than 2048 kilobytes."} 
[2024-11-07 05:47:56] local.INFO: Request Data: {"_token":"yPBQR1xa9M2QW7AJzyjSIxboluag1fNyEW5BgymV","title":"1","seller":"1","author_name":"1","author_bio":"1","content":"1","author":"1","category":"1","image":{"Illuminate\\Http\\UploadedFile":"C:\\xampp\\tmp\\phpAFFC.tmp"},"author_image":{"Illuminate\\Http\\UploadedFile":"C:\\xampp\\tmp\\phpB00C.tmp"}} 
[2024-11-07 05:47:56] local.ERROR: Error creating post: {"error":"The author image field must not be greater than 2048 kilobytes. (and 1 more error)"} 
[2024-11-07 05:50:37] local.INFO: Request Data: {"_token":"yPBQR1xa9M2QW7AJzyjSIxboluag1fNyEW5BgymV","title":"1","seller":"1","author_name":"1","author_bio":"1","content":"111","author":"1","category":"1","image":{"Illuminate\\Http\\UploadedFile":"C:\\xampp\\tmp\\php266C.tmp"},"author_image":{"Illuminate\\Http\\UploadedFile":"C:\\xampp\\tmp\\php267D.tmp"}} 
[2024-11-07 05:50:37] local.ERROR: Error creating post: {"error":"SQLSTATE[HY000]: General error: 1364 Field 'author' doesn't have a default value (Connection: mysql, SQL: insert into `posts` (`title`, `content`, `author_name`, `author_bio`, `category`, `seller`, `image`, `author_image`, `updated_at`, `created_at`) values (1, 111, 1, 1, 1, 1, uploads/0g7BCEL9HX03R8dENT08WOzz2xnYRsbIMCkDeYZh.jpg, uploads/aEFuKt2EVlqHnBTPvYE1W6O2DLgRgusN6IoOZd2j.jpg, 2024-11-07 05:50:37, 2024-11-07 05:50:37))"} 
[2024-11-07 05:55:53] local.INFO: Request Data: {"_token":"0ZzuxMt8q0kBOv7NkHFYp9IABmWeU1ZrzDTlbiLM","title":"11","seller":"11","author_bio":"11","content":"11","author":"11","category":"11","image":{"Illuminate\\Http\\UploadedFile":"C:\\xampp\\tmp\\phpF823.tmp"},"author_image":{"Illuminate\\Http\\UploadedFile":"C:\\xampp\\tmp\\phpF833.tmp"}} 
[2024-11-07 05:55:53] local.ERROR: Error creating post: {"error":"SQLSTATE[42S22]: Column not found: 1054 Unknown column 'author_name' in 'field list' (Connection: mysql, SQL: insert into `posts` (`title`, `content`, `author_name`, `author_bio`, `category`, `seller`, `image`, `author_image`, `updated_at`, `created_at`) values (11, 11, 11, 11, 11, 11, uploads/as5y12n3j28mhi7XDArBDM0MFtpVlRYGWAJZmUyu.jpg, uploads/jwY6JeRtlZALLCthUpdjmFvorfsIPwnHc3vNxMa3.jpg, 2024-11-07 05:55:53, 2024-11-07 05:55:53))"} 
